2020-04-12T15:05:23Z [69904] INFO [e52b0] ArangoDB 3.7.0-devel enterprise [darwin] 64bit maintainer mode, using build heads/bug-fix/traversal-estimates-0-g71aab81a93, VPack 0.1.33, RocksDB 6.8.0, ICU 64.2, V8 7.9.317, OpenSSL 1.1.1d  10 Sep 2019
2020-04-12T15:05:23Z [69904] WARNING [0458b] This is a maintainer version intended for debugging. DO NOT USE IN PRODUCTION!
2020-04-12T15:05:23Z [69904] WARNING [bd666] ==============================================================================
2020-04-12T15:05:23Z [69904] INFO [144fe] using storage engine 'rocksdb'
2020-04-12T15:05:23Z [69904] INFO [43396] {authentication} Jwt secret not specified, generating...
2020-04-12T15:05:23Z [69904] INFO [3bb7d] {cluster} Starting up with role SINGLE
2020-04-12T15:05:23Z [69904] INFO [6ea38] using endpoint 'http+tcp://0.0.0.0:8529' for non-encrypted requests
2020-04-12T15:05:23Z [69904] INFO [a1c60] {syscall} file-descriptors (nofiles) hard limit is unlimited, soft limit is 8192
2020-04-12T15:05:23Z [69904] INFO [3844e] {authentication} Authentication is turned on (system only), authentication for unix sockets is turned on
2020-04-12T15:05:23Z [69904] WARNING [ecdbc] {engines} no revision tree found for collection with id '7', rebuilding
2020-04-12T15:05:23Z [69904] WARNING [ecdbc] {engines} no revision tree found for collection with id '13', rebuilding
2020-04-12T15:05:23Z [69904] WARNING [ecdbc] {engines} no revision tree found for collection with id '19', rebuilding
2020-04-12T15:05:23Z [69904] WARNING [ecdbc] {engines} no revision tree found for collection with id '22', rebuilding
2020-04-12T15:05:23Z [69904] WARNING [ecdbc] {engines} no revision tree found for collection with id '28', rebuilding
2020-04-12T15:05:23Z [69904] WARNING [ecdbc] {engines} no revision tree found for collection with id '37', rebuilding
2020-04-12T15:05:23Z [69904] WARNING [ecdbc] {engines} no revision tree found for collection with id '40', rebuilding
2020-04-12T15:05:23Z [69904] WARNING [ecdbc] {engines} no revision tree found for collection with id '43', rebuilding
2020-04-12T15:05:24Z [69904] INFO [65273] {backup} Checking if old data from before a restore operation needs to be deleted in the background, scheduling...
2020-04-12T15:05:24Z [69904] INFO [fdedb] {backup} Checking if pre restore data needs to be deleted...
2020-04-12T15:05:24Z [69904] INFO [365ec] You are using a milestone/alpha/beta/preview version ('3.7.0-devel') of ArangoDB
2020-04-12T15:05:24Z [69904] INFO [cf3f4] ArangoDB (version 3.7.0-devel enterprise [darwin]) is ready for business. Have fun!
2020-04-12T15:05:30Z [69904] INFO [22a70] {queries} 8.10623e-06 Query::Query queryString: FOR x IN 1..10 RETURN x this: 123145704381056
2020-04-12T15:05:30Z [69904] INFO [8c9fc] {queries} bindParameters: {}
2020-04-12T15:05:30Z [69904] INFO [8979d] {queries} options: {"profile":4,"count":false}
2020-04-12T15:05:30Z [69904] INFO [1e717] {queries} [query#267] execute type=ReturnNode callStack= [ {specific: [ { skip: 0, softLimit: 1000, hardLimit: unlimited, fullCount: false } ]} ] this=140536368723024 id=4
2020-04-12T15:05:30Z [69904] INFO [1e717] {queries} [query#267] execute type=EnumerateListNode callStack= [ {specific: [ { skip: 0, softLimit: 1000, hardLimit: unlimited, fullCount: false } ]} ] this=140536368721424 id=3
2020-04-12T15:05:30Z [69904] INFO [1e717] {queries} [query#267] execute type=CalculationNode callStack= [ {specific: [ { skip: 0, softLimit: unlimited, hardLimit: unlimited, fullCount: false } ]} ] this=140536405545984 id=2
2020-04-12T15:05:30Z [69904] INFO [1e717] {queries} [query#267] execute type=SingletonNode callStack= [ {specific: [ { skip: 0, softLimit: unlimited, hardLimit: unlimited, fullCount: false } ]} ] this=140536368718992 id=1
2020-04-12T15:05:30Z [69904] INFO [60bbc] {queries} [query#267] execute done type=SingletonNode this=140536368718992 id=1 state=DONE skipped=0 produced=1 shadowRows=0
2020-04-12T15:05:30Z [69904] INFO [f12f9] {queries} [query#267] execute type=SingletonNode result: {"nrItems":1,"nrRegs":1,"matrix":[[null,"(non-representable type none)"]]}
2020-04-12T15:05:30Z [69904] INFO [60bbc] {queries} [query#267] execute done type=CalculationNode this=140536405545984 id=2 state=DONE skipped=0 produced=1 shadowRows=0
2020-04-12T15:05:30Z [69904] INFO [f12f9] {queries} [query#267] execute type=CalculationNode result: {"nrItems":1,"nrRegs":1,"matrix":[[null,[1,2,3,4,5,6,7,8,9,10]]]}
2020-04-12T15:05:30Z [69904] INFO [60bbc] {queries} [query#267] execute done type=EnumerateListNode this=140536368721424 id=3 state=DONE skipped=0 produced=10 shadowRows=0
2020-04-12T15:05:30Z [69904] INFO [f12f9] {queries} [query#267] execute type=EnumerateListNode result: {"nrItems":10,"nrRegs":2,"matrix":[[null,"(non-representable type none)",1],[null,"(non-representable type none)",2],[null,"(non-representable type none)",3],[null,"(non-representable type none)",4],[null,"(non-representable type none)",5],[null,"(non-representable type none)",6],[null,"(non-representable type none)",7],[null,"(non-representable type none)",8],[null,"(non-representable type none)",9],[null,"(non-representable type none)",10]]}
2020-04-12T15:05:30Z [69904] INFO [60bbc] {queries} [query#267] execute done type=ReturnNode this=140536368723024 id=4 state=DONE skipped=0 produced=10 shadowRows=0
2020-04-12T15:05:30Z [69904] INFO [f12f9] {queries} [query#267] execute type=ReturnNode result: {"nrItems":10,"nrRegs":2,"matrix":[[null,"(non-representable type none)",1],[null,"(non-representable type none)",2],[null,"(non-representable type none)",3],[null,"(non-representable type none)",4],[null,"(non-representable type none)",5],[null,"(non-representable type none)",6],[null,"(non-representable type none)",7],[null,"(non-representable type none)",8],[null,"(non-representable type none)",9],[null,"(non-representable type none)",10]]}
2020-04-12T15:05:30Z [69904] INFO [36a75] {queries} 0.00155497 Query::~Query queryString:  this: 123145704381056
2020-04-12T15:05:35Z [69904] INFO [4bcb9] ArangoDB has been shut down
2020-04-12T15:05:55Z [69905] INFO [e52b0] ArangoDB 3.7.0-devel enterprise [darwin] 64bit maintainer mode, using build heads/bug-fix/traversal-estimates-0-g71aab81a93, VPack 0.1.33, RocksDB 6.8.0, ICU 64.2, V8 7.9.317, OpenSSL 1.1.1d  10 Sep 2019
2020-04-12T15:05:55Z [69905] WARNING [0458b] This is a maintainer version intended for debugging. DO NOT USE IN PRODUCTION!
2020-04-12T15:05:55Z [69905] WARNING [bd666] ==============================================================================
2020-04-12T15:05:55Z [69905] INFO [144fe] using storage engine 'rocksdb'
2020-04-12T15:05:55Z [69905] INFO [43396] {authentication} Jwt secret not specified, generating...
2020-04-12T15:05:55Z [69905] INFO [3bb7d] {cluster} Starting up with role SINGLE
2020-04-12T15:05:55Z [69905] INFO [6ea38] using endpoint 'http+tcp://0.0.0.0:8529' for non-encrypted requests
2020-04-12T15:05:55Z [69905] INFO [a1c60] {syscall} file-descriptors (nofiles) hard limit is unlimited, soft limit is 8192
2020-04-12T15:05:55Z [69905] INFO [3844e] {authentication} Authentication is turned on (system only), authentication for unix sockets is turned on
2020-04-12T15:05:55Z [69905] WARNING [ecdbc] {engines} no revision tree found for collection with id '7', rebuilding
2020-04-12T15:05:55Z [69905] WARNING [ecdbc] {engines} no revision tree found for collection with id '13', rebuilding
2020-04-12T15:05:55Z [69905] WARNING [ecdbc] {engines} no revision tree found for collection with id '19', rebuilding
2020-04-12T15:05:55Z [69905] WARNING [ecdbc] {engines} no revision tree found for collection with id '22', rebuilding
2020-04-12T15:05:55Z [69905] WARNING [ecdbc] {engines} no revision tree found for collection with id '28', rebuilding
2020-04-12T15:05:55Z [69905] WARNING [ecdbc] {engines} no revision tree found for collection with id '37', rebuilding
2020-04-12T15:05:55Z [69905] WARNING [ecdbc] {engines} no revision tree found for collection with id '40', rebuilding
2020-04-12T15:05:55Z [69905] WARNING [ecdbc] {engines} no revision tree found for collection with id '43', rebuilding
2020-04-12T15:05:55Z [69905] INFO [65273] {backup} Checking if old data from before a restore operation needs to be deleted in the background, scheduling...
2020-04-12T15:05:55Z [69905] INFO [fdedb] {backup} Checking if pre restore data needs to be deleted...
2020-04-12T15:05:56Z [69905] INFO [365ec] You are using a milestone/alpha/beta/preview version ('3.7.0-devel') of ArangoDB
2020-04-12T15:05:56Z [69905] INFO [cf3f4] ArangoDB (version 3.7.0-devel enterprise [darwin]) is ready for business. Have fun!
2020-04-12T15:06:01Z [69905] INFO [22a70] {queries} 9.05991e-06 Query::Query queryString: FOR x IN 1..10 RETURN x this: 123145566022272
2020-04-12T15:06:01Z [69905] INFO [8c9fc] {queries} bindParameters: {}
2020-04-12T15:06:01Z [69905] INFO [8979d] {queries} options: {"profile":4,"count":false}
2020-04-12T15:06:01Z [69905] INFO [1e717] {queries} [query#315] execute type=ReturnNode callStack= [ {specific: [ { skip: 0, softLimit: 1000, hardLimit: unlimited, fullCount: false } ]} ] this=140554966028160 id=4
2020-04-12T15:06:01Z [69905] INFO [1e717] {queries} [query#315] execute type=EnumerateListNode callStack= [ {specific: [ { skip: 0, softLimit: 1000, hardLimit: unlimited, fullCount: false } ]} ] this=140554966001872 id=3
2020-04-12T15:06:01Z [69905] INFO [1e717] {queries} [query#315] execute type=CalculationNode callStack= [ {specific: [ { skip: 0, softLimit: unlimited, hardLimit: unlimited, fullCount: false } ]} ] this=140555011323904 id=2
2020-04-12T15:06:01Z [69905] INFO [1e717] {queries} [query#315] execute type=SingletonNode callStack= [ {specific: [ { skip: 0, softLimit: unlimited, hardLimit: unlimited, fullCount: false } ]} ] this=140554965999632 id=1
2020-04-12T15:06:01Z [69905] INFO [60bbc] {queries} [query#315] execute done type=SingletonNode this=140554965999632 id=1 state=DONE skipped=0 produced=1 shadowRows=0
2020-04-12T15:06:01Z [69905] INFO [f12f9] {queries} [query#315] execute type=SingletonNode result: {"nrItems":1,"nrRegs":1,"matrix":[[null,"(non-representable type none)"]]}
2020-04-12T15:06:01Z [69905] INFO [60bbc] {queries} [query#315] execute done type=CalculationNode this=140555011323904 id=2 state=DONE skipped=0 produced=1 shadowRows=0
2020-04-12T15:06:01Z [69905] INFO [f12f9] {queries} [query#315] execute type=CalculationNode result: {"nrItems":1,"nrRegs":1,"matrix":[[null,[1,2,3,4,5,6,7,8,9,10]]]}
2020-04-12T15:06:01Z [69905] INFO [60bbc] {queries} [query#315] execute done type=EnumerateListNode this=140554966001872 id=3 state=DONE skipped=0 produced=10 shadowRows=0
2020-04-12T15:06:01Z [69905] INFO [f12f9] {queries} [query#315] execute type=EnumerateListNode result: {"nrItems":10,"nrRegs":2,"matrix":[[null,"(non-representable type none)",1],[null,"(non-representable type none)",2],[null,"(non-representable type none)",3],[null,"(non-representable type none)",4],[null,"(non-representable type none)",5],[null,"(non-representable type none)",6],[null,"(non-representable type none)",7],[null,"(non-representable type none)",8],[null,"(non-representable type none)",9],[null,"(non-representable type none)",10]]}
2020-04-12T15:06:01Z [69905] INFO [60bbc] {queries} [query#315] execute done type=ReturnNode this=140554966028160 id=4 state=DONE skipped=0 produced=10 shadowRows=0
2020-04-12T15:06:01Z [69905] INFO [f12f9] {queries} [query#315] execute type=ReturnNode result: {"nrItems":10,"nrRegs":2,"matrix":[[null,"(non-representable type none)",1],[null,"(non-representable type none)",2],[null,"(non-representable type none)",3],[null,"(non-representable type none)",4],[null,"(non-representable type none)",5],[null,"(non-representable type none)",6],[null,"(non-representable type none)",7],[null,"(non-representable type none)",8],[null,"(non-representable type none)",9],[null,"(non-representable type none)",10]]}
2020-04-12T15:06:01Z [69905] INFO [36a75] {queries} 0.00367212 Query::~Query queryString:  this: 123145566022272
2020-04-12T15:06:04Z [69905] INFO [4bcb9] ArangoDB has been shut down
2020-04-12T15:07:02Z [69921] INFO [e52b0] ArangoDB 3.7.0-devel enterprise [darwin] 64bit maintainer mode, using build heads/bug-fix/traversal-estimates-0-g71aab81a93, VPack 0.1.33, RocksDB 6.8.0, ICU 64.2, V8 7.9.317, OpenSSL 1.1.1d  10 Sep 2019
2020-04-12T15:07:02Z [69921] WARNING [0458b] This is a maintainer version intended for debugging. DO NOT USE IN PRODUCTION!
2020-04-12T15:07:02Z [69921] WARNING [bd666] ==============================================================================
2020-04-12T15:07:02Z [69921] INFO [144fe] using storage engine 'rocksdb'
2020-04-12T15:07:02Z [69921] INFO [43396] {authentication} Jwt secret not specified, generating...
2020-04-12T15:07:02Z [69921] INFO [3bb7d] {cluster} Starting up with role SINGLE
2020-04-12T15:07:02Z [69921] INFO [6ea38] using endpoint 'http+tcp://0.0.0.0:8529' for non-encrypted requests
2020-04-12T15:07:02Z [69921] INFO [a1c60] {syscall} file-descriptors (nofiles) hard limit is unlimited, soft limit is 8192
2020-04-12T15:07:02Z [69921] INFO [3844e] {authentication} Authentication is turned on (system only), authentication for unix sockets is turned on
2020-04-12T15:07:02Z [69921] WARNING [ecdbc] {engines} no revision tree found for collection with id '7', rebuilding
2020-04-12T15:07:02Z [69921] WARNING [ecdbc] {engines} no revision tree found for collection with id '13', rebuilding
2020-04-12T15:07:02Z [69921] WARNING [ecdbc] {engines} no revision tree found for collection with id '19', rebuilding
2020-04-12T15:07:02Z [69921] WARNING [ecdbc] {engines} no revision tree found for collection with id '22', rebuilding
2020-04-12T15:07:02Z [69921] WARNING [ecdbc] {engines} no revision tree found for collection with id '28', rebuilding
2020-04-12T15:07:02Z [69921] WARNING [ecdbc] {engines} no revision tree found for collection with id '37', rebuilding
2020-04-12T15:07:02Z [69921] WARNING [ecdbc] {engines} no revision tree found for collection with id '40', rebuilding
2020-04-12T15:07:02Z [69921] WARNING [ecdbc] {engines} no revision tree found for collection with id '43', rebuilding
2020-04-12T15:07:02Z [69921] INFO [65273] {backup} Checking if old data from before a restore operation needs to be deleted in the background, scheduling...
2020-04-12T15:07:02Z [69921] INFO [fdedb] {backup} Checking if pre restore data needs to be deleted...
2020-04-12T15:07:02Z [69921] INFO [365ec] You are using a milestone/alpha/beta/preview version ('3.7.0-devel') of ArangoDB
2020-04-12T15:07:03Z [69921] INFO [cf3f4] ArangoDB (version 3.7.0-devel enterprise [darwin]) is ready for business. Have fun!
2020-04-12T15:07:08Z [69921] INFO [22a70] {queries} 8.10623e-06 Query::Query queryString: FOR x IN 1..10 RETURN x this: 123145583139456
2020-04-12T15:07:08Z [69921] INFO [8c9fc] {queries} bindParameters: {}
2020-04-12T15:07:08Z [69921] INFO [8979d] {queries} options: {"profile":4,"count":false}
2020-04-12T15:07:08Z [69921] INFO [1e717] {queries} [query#447] execute type=ReturnNode callStack= [ {specific: [ { skip: 0, softLimit: 1000, hardLimit: unlimited, fullCount: false } ]} ] this=140603407225568 id=4
2020-04-12T15:07:08Z [69921] INFO [1e717] {queries} [query#447] execute type=EnumerateListNode callStack= [ {specific: [ { skip: 0, softLimit: 1000, hardLimit: unlimited, fullCount: false } ]} ] this=140603407224416 id=3
2020-04-12T15:07:08Z [69921] INFO [1e717] {queries} [query#447] execute type=CalculationNode callStack= [ {specific: [ { skip: 0, softLimit: unlimited, hardLimit: unlimited, fullCount: false } ]} ] this=140603421881344 id=2
2020-04-12T15:07:08Z [69921] INFO [1e717] {queries} [query#447] execute type=SingletonNode callStack= [ {specific: [ { skip: 0, softLimit: unlimited, hardLimit: unlimited, fullCount: false } ]} ] this=140603407223168 id=1
2020-04-12T15:07:08Z [69921] INFO [60bbc] {queries} [query#447] execute done type=SingletonNode this=140603407223168 id=1 state=DONE skipped=0 produced=1 shadowRows=0
2020-04-12T15:07:08Z [69921] INFO [f12f9] {queries} [query#447] execute type=SingletonNode result: {"nrItems":1,"nrRegs":1,"matrix":[[null,"(non-representable type none)"]]}
2020-04-12T15:07:08Z [69921] INFO [60bbc] {queries} [query#447] execute done type=CalculationNode this=140603421881344 id=2 state=DONE skipped=0 produced=1 shadowRows=0
2020-04-12T15:07:08Z [69921] INFO [f12f9] {queries} [query#447] execute type=CalculationNode result: {"nrItems":1,"nrRegs":1,"matrix":[[null,[1,2,3,4,5,6,7,8,9,10]]]}
2020-04-12T15:07:08Z [69921] INFO [60bbc] {queries} [query#447] execute done type=EnumerateListNode this=140603407224416 id=3 state=DONE skipped=0 produced=10 shadowRows=0
2020-04-12T15:07:08Z [69921] INFO [f12f9] {queries} [query#447] execute type=EnumerateListNode result: {"nrItems":10,"nrRegs":2,"matrix":[[null,"(non-representable type none)",1],[null,"(non-representable type none)",2],[null,"(non-representable type none)",3],[null,"(non-representable type none)",4],[null,"(non-representable type none)",5],[null,"(non-representable type none)",6],[null,"(non-representable type none)",7],[null,"(non-representable type none)",8],[null,"(non-representable type none)",9],[null,"(non-representable type none)",10]]}
2020-04-12T15:07:08Z [69921] INFO [60bbc] {queries} [query#447] execute done type=ReturnNode this=140603407225568 id=4 state=DONE skipped=0 produced=10 shadowRows=0
2020-04-12T15:07:08Z [69921] INFO [f12f9] {queries} [query#447] execute type=ReturnNode result: {"nrItems":10,"nrRegs":2,"matrix":[[null,"(non-representable type none)",1],[null,"(non-representable type none)",2],[null,"(non-representable type none)",3],[null,"(non-representable type none)",4],[null,"(non-representable type none)",5],[null,"(non-representable type none)",6],[null,"(non-representable type none)",7],[null,"(non-representable type none)",8],[null,"(non-representable type none)",9],[null,"(non-representable type none)",10]]}
2020-04-12T15:07:08Z [69921] INFO [36a75] {queries} 0.00156116 Query::~Query queryString:  this: 123145583139456
2020-04-12T15:07:10Z [69921] INFO [4bcb9] ArangoDB has been shut down
